<?xml version="1.0" encoding="UTF-8"?>
<robot generator="Robot 6.0.2 (Python 3.11.1 on win32)" generated="20231016 15:45:14.123" rpa="false" schemaversion="3">
<suite id="s1" name="Test" source="C:\Users\vnaganur\PycharmProjects\robot_framework\first_script\Tests\test.robot">
<kw name="Setup Webdriver" type="SETUP">
<msg timestamp="20231016 15:45:14.327" level="FAIL">No keyword with name 'Setup Webdriver' found.</msg>
<status status="FAIL" starttime="20231016 15:45:14.327" endtime="20231016 15:45:14.327"/>
</kw>
<test id="s1-t1" name="Your Test Case Name" line="9">
<status status="FAIL" starttime="20231016 15:45:14.327" endtime="20231016 15:45:14.327">Parent suite setup failed:
No keyword with name 'Setup Webdriver' found.</status>
</test>
<status status="FAIL" starttime="20231016 15:45:14.123" endtime="20231016 15:45:14.327">Suite setup failed:
No keyword with name 'Setup Webdriver' found.</status>
</suite>
<statistics>
<total>
<stat pass="0" fail="1" skip="0">All Tests</stat>
</total>
<tag>
</tag>
<suite>
<stat pass="0" fail="1" skip="0" id="s1" name="Test">Test</stat>
</suite>
</statistics>
<errors>
<msg timestamp="20231016 15:45:14.313" level="ERROR">Error in file 'C:\Users\vnaganur\PycharmProjects\robot_framework\first_script\Tests\test.robot' on line 3: Importing library 'WebDriverManager' failed: ModuleNotFoundError: No module named 'WebDriverManager'
Traceback (most recent call last):
  None
PYTHONPATH:
  C:\Users\vnaganur\PycharmProjects\robot_framework\venv\Scripts\robot.exe
  C:\Program Files\Python311\python311.zip
  C:\Program Files\Python311\DLLs
  C:\Program Files\Python311\Lib
  C:\Program Files\Python311
  C:\Users\vnaganur\PycharmProjects\robot_framework\venv
  C:\Users\vnaganur\PycharmProjects\robot_framework\venv\Lib\site-packages</msg>
</errors>
</robot>
